INFO:ml_service:ROOT_DIR: /Users/shubhankarraj/Desktop/my code projects /face/AMS-with-TimeTable
INFO:ml_service:DB_PATH: /Users/shubhankarraj/Desktop/my code projects /face/AMS-with-TimeTable/python-ml-service/embeddings_db.pkl
INFO:ml_service:CLIENT_GROUND_TRUTH: /Users/shubhankarraj/Desktop/my code projects /face/AMS-with-TimeTable/server/ground_truth
INFO:ml_service:Serving student photos from: /Users/shubhankarraj/Desktop/my code projects /face/AMS-with-TimeTable/server/ground_truth
/Users/shubhankarraj/Desktop/my code projects /face/AMS-with-TimeTable/python-ml-service/ml_service.py:115: DeprecationWarning: 
        on_event is deprecated, use lifespan event handlers instead.

        Read more about it in the
        [FastAPI docs for Lifespan Events](https://fastapi.tiangolo.com/advanced/events/).
        
  @app.on_event("startup")
INFO:ml_service:ROOT_DIR: /Users/shubhankarraj/Desktop/my code projects /face/AMS-with-TimeTable
INFO:ml_service:DB_PATH: /Users/shubhankarraj/Desktop/my code projects /face/AMS-with-TimeTable/python-ml-service/embeddings_db.pkl
INFO:ml_service:CLIENT_GROUND_TRUTH: /Users/shubhankarraj/Desktop/my code projects /face/AMS-with-TimeTable/server/ground_truth
INFO:ml_service:Serving student photos from: /Users/shubhankarraj/Desktop/my code projects /face/AMS-with-TimeTable/server/ground_truth
INFO:     Started server process [25162]
INFO:     Waiting for application startup.
/Users/shubhankarraj/Desktop/my code projects /face/AMS-with-TimeTable/python-ml-service/venv/lib/python3.9/site-packages/urllib3/__init__.py:35: NotOpenSSLWarning: urllib3 v2 only supports OpenSSL 1.1.1+, currently the 'ssl' module is compiled with 'LibreSSL 2.8.3'. See: https://github.com/urllib3/urllib3/issues/3020
  warnings.warn(
INFO:ml_service:Loading InsightFace buffalo_s model (CPU)...
INFO:ml_service:Model loaded successfully.
INFO:ml_service:Loaded embeddings for 1 students from /Users/shubhankarraj/Desktop/my code projects /face/AMS-with-TimeTable/python-ml-service/embeddings_db.pkl
INFO:     Application startup complete.
INFO:     Uvicorn running on http://0.0.0.0:8500 (Press CTRL+C to quit)
Applied providers: ['CPUExecutionProvider'], with options: {'CPUExecutionProvider': {}}
find model: /Users/shubhankarraj/.insightface/models/buffalo_s/1k3d68.onnx landmark_3d_68 ['None', 3, 192, 192] 0.0 1.0
Applied providers: ['CPUExecutionProvider'], with options: {'CPUExecutionProvider': {}}
find model: /Users/shubhankarraj/.insightface/models/buffalo_s/2d106det.onnx landmark_2d_106 ['None', 3, 192, 192] 0.0 1.0
Applied providers: ['CPUExecutionProvider'], with options: {'CPUExecutionProvider': {}}
find model: /Users/shubhankarraj/.insightface/models/buffalo_s/det_500m.onnx detection [1, 3, '?', '?'] 127.5 128.0
Applied providers: ['CPUExecutionProvider'], with options: {'CPUExecutionProvider': {}}
find model: /Users/shubhankarraj/.insightface/models/buffalo_s/genderage.onnx genderage ['None', 3, 96, 96] 0.0 1.0
Applied providers: ['CPUExecutionProvider'], with options: {'CPUExecutionProvider': {}}
find model: /Users/shubhankarraj/.insightface/models/buffalo_s/w600k_mbf.onnx recognition ['None', 3, 112, 112] 127.5 127.5
set det-size: (640, 640)
INFO:     127.0.0.1:53867 - "GET /health HTTP/1.1" 200 OK
